<?xml version="1.0" encoding="UTF-8"?>
<!-- Generated by org.testng.reporters.JUnitXMLReporter -->
<testsuite hostname="LT0088970" ignored="0" name="HomePageTest" tests="4" failures="0" timestamp="23 Aug 2018 10:31:15 GMT" time="30.743" errors="0">
  <testcase name="homePageTest" time="1.081" classname="org.myhr.qa.testcases.HomePageTest"/>
  <testcase name="servicePageTest" time="3.209" classname="org.myhr.qa.testcases.HomePageTest"/>
  <testcase name="clickOnServicesTest" time="3.197" classname="org.myhr.qa.testcases.HomePageTest"/>
  <testcase name="myHrTitleTest" time="0.059" classname="org.myhr.qa.testcases.HomePageTest"/>
</testsuite> <!-- HomePageTest -->
